The system is: Darwin - 14.4.0 - x86_64
Compiling the C compiler identification source file "CMakeCCompilerId.c" succeeded.
Compiler: /usr/bin/cc 
Build flags: 
Id flags: 

The output was:
0


Compilation of the C compiler identification source "CMakeCCompilerId.c" produced "a.out"

The C compiler identification is AppleClang, found in "/Users/jzb/workspaces/miner/xmr-stak/CMakeFiles/3.1.3/CompilerIdC/a.out"

Compiling the CXX compiler identification source file "CMakeCXXCompilerId.cpp" succeeded.
Compiler: /usr/bin/c++ 
Build flags: 
Id flags: 

The output was:
0


Compilation of the CXX compiler identification source "CMakeCXXCompilerId.cpp" produced "a.out"

The CXX compiler identification is AppleClang, found in "/Users/jzb/workspaces/miner/xmr-stak/CMakeFiles/3.1.3/CompilerIdCXX/a.out"

Determining if the C compiler works passed with the following output:
Change Dir: /Users/jzb/workspaces/miner/xmr-stak/CMakeFiles/CMakeTmp

Run Build Command:"/usr/bin/make" "cmTryCompileExec3296168523/fast"
/Applications/Xcode.app/Contents/Developer/usr/bin/make -f CMakeFiles/cmTryCompileExec3296168523.dir/build.make CMakeFiles/cmTryCompileExec3296168523.dir/build
/usr/local/Cellar/cmake/3.1.3/bin/cmake -E cmake_progress_report /Users/jzb/workspaces/miner/xmr-stak/CMakeFiles/CMakeTmp/CMakeFiles 1
Building C object CMakeFiles/cmTryCompileExec3296168523.dir/testCCompiler.c.o
/usr/bin/cc    -o CMakeFiles/cmTryCompileExec3296168523.dir/testCCompiler.c.o   -c /Users/jzb/workspaces/miner/xmr-stak/CMakeFiles/CMakeTmp/testCCompiler.c
Linking C executable cmTryCompileExec3296168523
/usr/local/Cellar/cmake/3.1.3/bin/cmake -E cmake_link_script CMakeFiles/cmTryCompileExec3296168523.dir/link.txt --verbose=1
/usr/bin/cc    -Wl,-search_paths_first -Wl,-headerpad_max_install_names  CMakeFiles/cmTryCompileExec3296168523.dir/testCCompiler.c.o  -o cmTryCompileExec3296168523  


Detecting C compiler ABI info compiled with the following output:
Change Dir: /Users/jzb/workspaces/miner/xmr-stak/CMakeFiles/CMakeTmp

Run Build Command:"/usr/bin/make" "cmTryCompileExec2186475299/fast"
/Applications/Xcode.app/Contents/Developer/usr/bin/make -f CMakeFiles/cmTryCompileExec2186475299.dir/build.make CMakeFiles/cmTryCompileExec2186475299.dir/build
/usr/local/Cellar/cmake/3.1.3/bin/cmake -E cmake_progress_report /Users/jzb/workspaces/miner/xmr-stak/CMakeFiles/CMakeTmp/CMakeFiles 1
Building C object CMakeFiles/cmTryCompileExec2186475299.dir/CMakeCCompilerABI.c.o
/usr/bin/cc    -o CMakeFiles/cmTryCompileExec2186475299.dir/CMakeCCompilerABI.c.o   -c /usr/local/Cellar/cmake/3.1.3/share/cmake/Modules/CMakeCCompilerABI.c
Linking C executable cmTryCompileExec2186475299
/usr/local/Cellar/cmake/3.1.3/bin/cmake -E cmake_link_script CMakeFiles/cmTryCompileExec2186475299.dir/link.txt --verbose=1
/usr/bin/cc    -Wl,-search_paths_first -Wl,-headerpad_max_install_names -v -Wl,-v CMakeFiles/cmTryCompileExec2186475299.dir/CMakeCCompilerABI.c.o  -o cmTryCompileExec2186475299   
Apple LLVM version 7.0.0 (clang-700.0.72)
Target: x86_64-apple-darwin14.4.0
Thread model: posix
 "/Applications/Xcode.app/Contents/Developer/Toolchains/XcodeDefault.xctoolchain/usr/bin/ld" -demangle -dynamic -arch x86_64 -macosx_version_min 10.10.0 -o cmTryCompileExec2186475299 -search_paths_first -headerpad_max_install_names -v CMakeFiles/cmTryCompileExec2186475299.dir/CMakeCCompilerABI.c.o -lSystem /Applications/Xcode.app/Contents/Developer/Toolchains/XcodeDefault.xctoolchain/usr/bin/../lib/clang/7.0.0/lib/darwin/libclang_rt.osx.a
@(#)PROGRAM:ld  PROJECT:ld64-253.3.3
configured to support archs: armv6 armv7 armv7s arm64 i386 x86_64 x86_64h armv6m armv7k armv7m armv7em
Library search paths:
	/usr/lib
	/usr/local/lib
Framework search paths:
	/Library/Frameworks/
	/System/Library/Frameworks/


Parsed C implicit link information from above output:
  link line regex: [^( *|.*[/\])(ld|([^/\]+-)?ld|collect2)[^/\]*( |$)]
  ignore line: [Change Dir: /Users/jzb/workspaces/miner/xmr-stak/CMakeFiles/CMakeTmp]
  ignore line: []
  ignore line: [Run Build Command:"/usr/bin/make" "cmTryCompileExec2186475299/fast"]
  ignore line: [/Applications/Xcode.app/Contents/Developer/usr/bin/make -f CMakeFiles/cmTryCompileExec2186475299.dir/build.make CMakeFiles/cmTryCompileExec2186475299.dir/build]
  ignore line: [/usr/local/Cellar/cmake/3.1.3/bin/cmake -E cmake_progress_report /Users/jzb/workspaces/miner/xmr-stak/CMakeFiles/CMakeTmp/CMakeFiles 1]
  ignore line: [Building C object CMakeFiles/cmTryCompileExec2186475299.dir/CMakeCCompilerABI.c.o]
  ignore line: [/usr/bin/cc    -o CMakeFiles/cmTryCompileExec2186475299.dir/CMakeCCompilerABI.c.o   -c /usr/local/Cellar/cmake/3.1.3/share/cmake/Modules/CMakeCCompilerABI.c]
  ignore line: [Linking C executable cmTryCompileExec2186475299]
  ignore line: [/usr/local/Cellar/cmake/3.1.3/bin/cmake -E cmake_link_script CMakeFiles/cmTryCompileExec2186475299.dir/link.txt --verbose=1]
  ignore line: [/usr/bin/cc    -Wl,-search_paths_first -Wl,-headerpad_max_install_names -v -Wl,-v CMakeFiles/cmTryCompileExec2186475299.dir/CMakeCCompilerABI.c.o  -o cmTryCompileExec2186475299   ]
  ignore line: [Apple LLVM version 7.0.0 (clang-700.0.72)]
  ignore line: [Target: x86_64-apple-darwin14.4.0]
  ignore line: [Thread model: posix]
  link line: [ "/Applications/Xcode.app/Contents/Developer/Toolchains/XcodeDefault.xctoolchain/usr/bin/ld" -demangle -dynamic -arch x86_64 -macosx_version_min 10.10.0 -o cmTryCompileExec2186475299 -search_paths_first -headerpad_max_install_names -v CMakeFiles/cmTryCompileExec2186475299.dir/CMakeCCompilerABI.c.o -lSystem /Applications/Xcode.app/Contents/Developer/Toolchains/XcodeDefault.xctoolchain/usr/bin/../lib/clang/7.0.0/lib/darwin/libclang_rt.osx.a]
    arg [/Applications/Xcode.app/Contents/Developer/Toolchains/XcodeDefault.xctoolchain/usr/bin/ld] ==> ignore
    arg [-demangle] ==> ignore
    arg [-dynamic] ==> ignore
    arg [-arch] ==> ignore
    arg [x86_64] ==> ignore
    arg [-macosx_version_min] ==> ignore
    arg [10.10.0] ==> ignore
    arg [-o] ==> ignore
    arg [cmTryCompileExec2186475299] ==> ignore
    arg [-search_paths_first] ==> ignore
    arg [-headerpad_max_install_names] ==> ignore
    arg [-v] ==> ignore
    arg [CMakeFiles/cmTryCompileExec2186475299.dir/CMakeCCompilerABI.c.o] ==> ignore
    arg [-lSystem] ==> lib [System]
    arg [/Applications/Xcode.app/Contents/Developer/Toolchains/XcodeDefault.xctoolchain/usr/bin/../lib/clang/7.0.0/lib/darwin/libclang_rt.osx.a] ==> lib [/Applications/Xcode.app/Contents/Developer/Toolchains/XcodeDefault.xctoolchain/usr/bin/../lib/clang/7.0.0/lib/darwin/libclang_rt.osx.a]
  Library search paths: [;/usr/lib;/usr/local/lib]
  Framework search paths: [;/Library/Frameworks/;/System/Library/Frameworks/]
  remove lib [System]
  collapse lib [/Applications/Xcode.app/Contents/Developer/Toolchains/XcodeDefault.xctoolchain/usr/bin/../lib/clang/7.0.0/lib/darwin/libclang_rt.osx.a] ==> [/Applications/Xcode.app/Contents/Developer/Toolchains/XcodeDefault.xctoolchain/usr/lib/clang/7.0.0/lib/darwin/libclang_rt.osx.a]
  collapse library dir [/usr/lib] ==> [/usr/lib]
  collapse library dir [/usr/local/lib] ==> [/usr/local/lib]
  collapse framework dir [/Library/Frameworks/] ==> [/Library/Frameworks]
  collapse framework dir [/System/Library/Frameworks/] ==> [/System/Library/Frameworks]
  implicit libs: [/Applications/Xcode.app/Contents/Developer/Toolchains/XcodeDefault.xctoolchain/usr/lib/clang/7.0.0/lib/darwin/libclang_rt.osx.a]
  implicit dirs: [/usr/lib;/usr/local/lib]
  implicit fwks: [/Library/Frameworks;/System/Library/Frameworks]


Determining if the CXX compiler works passed with the following output:
Change Dir: /Users/jzb/workspaces/miner/xmr-stak/CMakeFiles/CMakeTmp

Run Build Command:"/usr/bin/make" "cmTryCompileExec868299310/fast"
/Applications/Xcode.app/Contents/Developer/usr/bin/make -f CMakeFiles/cmTryCompileExec868299310.dir/build.make CMakeFiles/cmTryCompileExec868299310.dir/build
/usr/local/Cellar/cmake/3.1.3/bin/cmake -E cmake_progress_report /Users/jzb/workspaces/miner/xmr-stak/CMakeFiles/CMakeTmp/CMakeFiles 1
Building CXX object CMakeFiles/cmTryCompileExec868299310.dir/testCXXCompiler.cxx.o
/usr/bin/c++     -o CMakeFiles/cmTryCompileExec868299310.dir/testCXXCompiler.cxx.o -c /Users/jzb/workspaces/miner/xmr-stak/CMakeFiles/CMakeTmp/testCXXCompiler.cxx
Linking CXX executable cmTryCompileExec868299310
/usr/local/Cellar/cmake/3.1.3/bin/cmake -E cmake_link_script CMakeFiles/cmTryCompileExec868299310.dir/link.txt --verbose=1
/usr/bin/c++     -Wl,-search_paths_first -Wl,-headerpad_max_install_names  CMakeFiles/cmTryCompileExec868299310.dir/testCXXCompiler.cxx.o  -o cmTryCompileExec868299310  


Detecting CXX compiler ABI info compiled with the following output:
Change Dir: /Users/jzb/workspaces/miner/xmr-stak/CMakeFiles/CMakeTmp

Run Build Command:"/usr/bin/make" "cmTryCompileExec1582907630/fast"
/Applications/Xcode.app/Contents/Developer/usr/bin/make -f CMakeFiles/cmTryCompileExec1582907630.dir/build.make CMakeFiles/cmTryCompileExec1582907630.dir/build
/usr/local/Cellar/cmake/3.1.3/bin/cmake -E cmake_progress_report /Users/jzb/workspaces/miner/xmr-stak/CMakeFiles/CMakeTmp/CMakeFiles 1
Building CXX object CMakeFiles/cmTryCompileExec1582907630.dir/CMakeCXXCompilerABI.cpp.o
/usr/bin/c++     -o CMakeFiles/cmTryCompileExec1582907630.dir/CMakeCXXCompilerABI.cpp.o -c /usr/local/Cellar/cmake/3.1.3/share/cmake/Modules/CMakeCXXCompilerABI.cpp
Linking CXX executable cmTryCompileExec1582907630
/usr/local/Cellar/cmake/3.1.3/bin/cmake -E cmake_link_script CMakeFiles/cmTryCompileExec1582907630.dir/link.txt --verbose=1
/usr/bin/c++     -Wl,-search_paths_first -Wl,-headerpad_max_install_names -v -Wl,-v CMakeFiles/cmTryCompileExec1582907630.dir/CMakeCXXCompilerABI.cpp.o  -o cmTryCompileExec1582907630   
Apple LLVM version 7.0.0 (clang-700.0.72)
Target: x86_64-apple-darwin14.4.0
Thread model: posix
 "/Applications/Xcode.app/Contents/Developer/Toolchains/XcodeDefault.xctoolchain/usr/bin/ld" -demangle -dynamic -arch x86_64 -macosx_version_min 10.10.0 -o cmTryCompileExec1582907630 -search_paths_first -headerpad_max_install_names -v CMakeFiles/cmTryCompileExec1582907630.dir/CMakeCXXCompilerABI.cpp.o -lc++ -lSystem /Applications/Xcode.app/Contents/Developer/Toolchains/XcodeDefault.xctoolchain/usr/bin/../lib/clang/7.0.0/lib/darwin/libclang_rt.osx.a
@(#)PROGRAM:ld  PROJECT:ld64-253.3.3
configured to support archs: armv6 armv7 armv7s arm64 i386 x86_64 x86_64h armv6m armv7k armv7m armv7em
Library search paths:
	/usr/lib
	/usr/local/lib
Framework search paths:
	/Library/Frameworks/
	/System/Library/Frameworks/


Parsed CXX implicit link information from above output:
  link line regex: [^( *|.*[/\])(ld|([^/\]+-)?ld|collect2)[^/\]*( |$)]
  ignore line: [Change Dir: /Users/jzb/workspaces/miner/xmr-stak/CMakeFiles/CMakeTmp]
  ignore line: []
  ignore line: [Run Build Command:"/usr/bin/make" "cmTryCompileExec1582907630/fast"]
  ignore line: [/Applications/Xcode.app/Contents/Developer/usr/bin/make -f CMakeFiles/cmTryCompileExec1582907630.dir/build.make CMakeFiles/cmTryCompileExec1582907630.dir/build]
  ignore line: [/usr/local/Cellar/cmake/3.1.3/bin/cmake -E cmake_progress_report /Users/jzb/workspaces/miner/xmr-stak/CMakeFiles/CMakeTmp/CMakeFiles 1]
  ignore line: [Building CXX object CMakeFiles/cmTryCompileExec1582907630.dir/CMakeCXXCompilerABI.cpp.o]
  ignore line: [/usr/bin/c++     -o CMakeFiles/cmTryCompileExec1582907630.dir/CMakeCXXCompilerABI.cpp.o -c /usr/local/Cellar/cmake/3.1.3/share/cmake/Modules/CMakeCXXCompilerABI.cpp]
  ignore line: [Linking CXX executable cmTryCompileExec1582907630]
  ignore line: [/usr/local/Cellar/cmake/3.1.3/bin/cmake -E cmake_link_script CMakeFiles/cmTryCompileExec1582907630.dir/link.txt --verbose=1]
  ignore line: [/usr/bin/c++     -Wl,-search_paths_first -Wl,-headerpad_max_install_names -v -Wl,-v CMakeFiles/cmTryCompileExec1582907630.dir/CMakeCXXCompilerABI.cpp.o  -o cmTryCompileExec1582907630   ]
  ignore line: [Apple LLVM version 7.0.0 (clang-700.0.72)]
  ignore line: [Target: x86_64-apple-darwin14.4.0]
  ignore line: [Thread model: posix]
  link line: [ "/Applications/Xcode.app/Contents/Developer/Toolchains/XcodeDefault.xctoolchain/usr/bin/ld" -demangle -dynamic -arch x86_64 -macosx_version_min 10.10.0 -o cmTryCompileExec1582907630 -search_paths_first -headerpad_max_install_names -v CMakeFiles/cmTryCompileExec1582907630.dir/CMakeCXXCompilerABI.cpp.o -lc++ -lSystem /Applications/Xcode.app/Contents/Developer/Toolchains/XcodeDefault.xctoolchain/usr/bin/../lib/clang/7.0.0/lib/darwin/libclang_rt.osx.a]
    arg [/Applications/Xcode.app/Contents/Developer/Toolchains/XcodeDefault.xctoolchain/usr/bin/ld] ==> ignore
    arg [-demangle] ==> ignore
    arg [-dynamic] ==> ignore
    arg [-arch] ==> ignore
    arg [x86_64] ==> ignore
    arg [-macosx_version_min] ==> ignore
    arg [10.10.0] ==> ignore
    arg [-o] ==> ignore
    arg [cmTryCompileExec1582907630] ==> ignore
    arg [-search_paths_first] ==> ignore
    arg [-headerpad_max_install_names] ==> ignore
    arg [-v] ==> ignore
    arg [CMakeFiles/cmTryCompileExec1582907630.dir/CMakeCXXCompilerABI.cpp.o] ==> ignore
    arg [-lc++] ==> lib [c++]
    arg [-lSystem] ==> lib [System]
    arg [/Applications/Xcode.app/Contents/Developer/Toolchains/XcodeDefault.xctoolchain/usr/bin/../lib/clang/7.0.0/lib/darwin/libclang_rt.osx.a] ==> lib [/Applications/Xcode.app/Contents/Developer/Toolchains/XcodeDefault.xctoolchain/usr/bin/../lib/clang/7.0.0/lib/darwin/libclang_rt.osx.a]
  Library search paths: [;/usr/lib;/usr/local/lib]
  Framework search paths: [;/Library/Frameworks/;/System/Library/Frameworks/]
  remove lib [System]
  collapse lib [/Applications/Xcode.app/Contents/Developer/Toolchains/XcodeDefault.xctoolchain/usr/bin/../lib/clang/7.0.0/lib/darwin/libclang_rt.osx.a] ==> [/Applications/Xcode.app/Contents/Developer/Toolchains/XcodeDefault.xctoolchain/usr/lib/clang/7.0.0/lib/darwin/libclang_rt.osx.a]
  collapse library dir [/usr/lib] ==> [/usr/lib]
  collapse library dir [/usr/local/lib] ==> [/usr/local/lib]
  collapse framework dir [/Library/Frameworks/] ==> [/Library/Frameworks]
  collapse framework dir [/System/Library/Frameworks/] ==> [/System/Library/Frameworks]
  implicit libs: [c++;/Applications/Xcode.app/Contents/Developer/Toolchains/XcodeDefault.xctoolchain/usr/lib/clang/7.0.0/lib/darwin/libclang_rt.osx.a]
  implicit dirs: [/usr/lib;/usr/local/lib]
  implicit fwks: [/Library/Frameworks;/System/Library/Frameworks]


Determining if files pthread.h exist passed with the following output:
Change Dir: /Users/jzb/workspaces/miner/xmr-stak/CMakeFiles/CMakeTmp

Run Build Command:"/usr/bin/make" "cmTryCompileExec2220232109/fast"
/Applications/Xcode.app/Contents/Developer/usr/bin/make -f CMakeFiles/cmTryCompileExec2220232109.dir/build.make CMakeFiles/cmTryCompileExec2220232109.dir/build
/usr/local/Cellar/cmake/3.1.3/bin/cmake -E cmake_progress_report /Users/jzb/workspaces/miner/xmr-stak/CMakeFiles/CMakeTmp/CMakeFiles 1
Building C object CMakeFiles/cmTryCompileExec2220232109.dir/CheckIncludeFiles.c.o
/usr/bin/cc   -march=native -mtune=native     -o CMakeFiles/cmTryCompileExec2220232109.dir/CheckIncludeFiles.c.o   -c /Users/jzb/workspaces/miner/xmr-stak/CMakeFiles/CMakeTmp/CheckIncludeFiles.c
Linking C executable cmTryCompileExec2220232109
/usr/local/Cellar/cmake/3.1.3/bin/cmake -E cmake_link_script CMakeFiles/cmTryCompileExec2220232109.dir/link.txt --verbose=1
/usr/bin/cc  -march=native -mtune=native   -Wl,-search_paths_first -Wl,-headerpad_max_install_names  CMakeFiles/cmTryCompileExec2220232109.dir/CheckIncludeFiles.c.o  -o cmTryCompileExec2220232109  


Determining if the pthread_create exist passed with the following output:
Change Dir: /Users/jzb/workspaces/miner/xmr-stak/CMakeFiles/CMakeTmp

Run Build Command:"/usr/bin/make" "cmTryCompileExec3866509321/fast"
/Applications/Xcode.app/Contents/Developer/usr/bin/make -f CMakeFiles/cmTryCompileExec3866509321.dir/build.make CMakeFiles/cmTryCompileExec3866509321.dir/build
/usr/local/Cellar/cmake/3.1.3/bin/cmake -E cmake_progress_report /Users/jzb/workspaces/miner/xmr-stak/CMakeFiles/CMakeTmp/CMakeFiles 1
Building C object CMakeFiles/cmTryCompileExec3866509321.dir/CheckSymbolExists.c.o
/usr/bin/cc   -march=native -mtune=native     -o CMakeFiles/cmTryCompileExec3866509321.dir/CheckSymbolExists.c.o   -c /Users/jzb/workspaces/miner/xmr-stak/CMakeFiles/CMakeTmp/CheckSymbolExists.c
Linking C executable cmTryCompileExec3866509321
/usr/local/Cellar/cmake/3.1.3/bin/cmake -E cmake_link_script CMakeFiles/cmTryCompileExec3866509321.dir/link.txt --verbose=1
/usr/bin/cc  -march=native -mtune=native   -Wl,-search_paths_first -Wl,-headerpad_max_install_names  CMakeFiles/cmTryCompileExec3866509321.dir/CheckSymbolExists.c.o  -o cmTryCompileExec3866509321  

File /Users/jzb/workspaces/miner/xmr-stak/CMakeFiles/CMakeTmp/CheckSymbolExists.c:
/* */
#include <pthread.h>

int main(int argc, char** argv)
{
  (void)argv;
#ifndef pthread_create
  return ((int*)(&pthread_create))[argc];
#else
  (void)argc;
  return 0;
#endif
}

